<?xml version="1.0" encoding="UTF-8"?>
<!-- Generated by org.testng.reporters.JUnitXMLReporter -->
<testsuite ignored="0" hostname="SAAN" failures="0" tests="4" name="Default test" time="0.112" errors="0" timestamp="2026-01-10T16:44:36 IST">
  <testcase classname="com.testNg.SimpleAnnotation" name="forgotPassword" time="0.016"/>
  <testcase classname="com.testNg.SimpleAnnotation" name="passWord" time="0.002"/>
  <testcase classname="com.testNg.SimpleAnnotation" name="submit" time="0.004"/>
  <testcase classname="com.testNg.SimpleAnnotation" name="userName" time="0.003"/>
</testsuite> <!-- Default test -->
