<?xml version="1.0" encoding="UTF-8"?>
<!-- Generated by org.testng.reporters.JUnitXMLReporter -->
<testsuite ignored="0" hostname="SAAN" failures="2" tests="7" name="Test" time="10.578" errors="0" timestamp="2026-01-10T14:56:17 IST">
  <testcase classname="com.testNg.SimpleAnnotation" name="forgotPassword" time="0.023"/>
  <testcase classname="com.testNg.SimpleAnnotation" name="submit" time="0.006"/>
  <testcase classname="com.testNg.SimpleAnnotation" name="userName" time="0.021"/>
  <testcase classname="com.testNg.SimpleAnnotation" name="passWord" time="0.022"/>
  <testcase classname="com.testNg.CrossBrowserLaunch" name="operaMini" time="1.937">
    <failure type="java.lang.AssertionError" message="ERROR OCCURED : LAUNCH BROWSER">
      <![CDATA[java.lang.AssertionError: ERROR OCCURED : LAUNCH BROWSER
at org.junit.Assert.fail(Assert.java:89)
at com.base.Base_Class.browserlaunch(Base_Class.java:42)
at com.testNg.CrossBrowserLaunch.operaMini(CrossBrowserLaunch.java:22)
at java.base/java.util.concurrent.Executors$RunnableAdapter.call(Executors.java:572)
at java.base/java.util.concurrent.FutureTask.run(FutureTask.java:317)
at java.base/java.util.concurrent.ThreadPoolExecutor.runWorker(ThreadPoolExecutor.java:1144)
at java.base/java.util.concurrent.ThreadPoolExecutor$Worker.run(ThreadPoolExecutor.java:642)
at java.base/java.lang.Thread.run(Thread.java:1583)
... Removed 11 stack frames]]>
    </failure>
  </testcase> <!-- operaMini -->
  <testcase classname="com.testNg.CrossBrowserLaunch" name="edgeBrowser" time="1.936">
    <failure type="java.lang.AssertionError" message="ERROR OCCURED : LAUNCH BROWSER">
      <![CDATA[java.lang.AssertionError: ERROR OCCURED : LAUNCH BROWSER
at org.junit.Assert.fail(Assert.java:89)
at com.base.Base_Class.browserlaunch(Base_Class.java:42)
at com.testNg.CrossBrowserLaunch.edgeBrowser(CrossBrowserLaunch.java:31)
at java.base/java.util.concurrent.Executors$RunnableAdapter.call(Executors.java:572)
at java.base/java.util.concurrent.FutureTask.run(FutureTask.java:317)
at java.base/java.util.concurrent.ThreadPoolExecutor.runWorker(ThreadPoolExecutor.java:1144)
at java.base/java.util.concurrent.ThreadPoolExecutor$Worker.run(ThreadPoolExecutor.java:642)
at java.base/java.lang.Thread.run(Thread.java:1583)
... Removed 11 stack frames]]>
    </failure>
  </testcase> <!-- edgeBrowser -->
  <testcase classname="com.testNg.CrossBrowserLaunch" name="chromeBrowser" time="10.487"/>
</testsuite> <!-- Test -->
