<?xml version="1.0" encoding="UTF-8"?>
<testng-results ignored="0" total="1" passed="1" failed="0" skipped="0">
  <reporter-output>
  </reporter-output>
  <suite started-at="2026-01-30T20:55:01 IST" name="Default suite" finished-at="2026-01-30T20:55:02 IST" duration-ms="224">
    <groups>
    </groups>
    <test started-at="2026-01-30T20:55:01 IST" name="Default test" finished-at="2026-01-30T20:55:02 IST" duration-ms="224">
      <class name="com.testNg.HardAssertMethod">
        <test-method signature="softAssort()[pri:0, instance:com.testNg.HardAssertMethod@6743e411]" started-at="2026-01-30T20:55:01 IST" name="softAssort" finished-at="2026-01-30T20:55:02 IST" duration-ms="159" status="PASS">
          <reporter-output>
          </reporter-output>
        </test-method> <!-- softAssort -->
      </class> <!-- com.testNg.HardAssertMethod -->
    </test> <!-- Default test -->
  </suite> <!-- Default suite -->
</testng-results>
