<?xml version="1.0" encoding="UTF-8"?>
<testng-results ignored="0" total="4" passed="4" failed="0" skipped="0">
  <reporter-output>
  </reporter-output>
  <suite started-at="2026-01-10T16:44:36 IST" name="Default suite" finished-at="2026-01-10T16:44:36 IST" duration-ms="112">
    <groups>
    </groups>
    <test started-at="2026-01-10T16:44:36 IST" name="Default test" finished-at="2026-01-10T16:44:36 IST" duration-ms="112">
      <class name="com.testNg.SimpleAnnotation">
        <test-method is-config="true" signature="propertySetting()[pri:0, instance:com.testNg.SimpleAnnotation@6c40365c]" started-at="2026-01-10T16:44:36 IST" name="propertySetting" finished-at="2026-01-10T16:44:36 IST" duration-ms="12" status="PASS">
          <reporter-output>
          </reporter-output>
        </test-method> <!-- propertySetting -->
        <test-method is-config="true" signature="browserlaunch()[pri:0, instance:com.testNg.SimpleAnnotation@6c40365c]" started-at="2026-01-10T16:44:36 IST" name="browserlaunch" finished-at="2026-01-10T16:44:36 IST" duration-ms="5" status="PASS">
          <reporter-output>
          </reporter-output>
        </test-method> <!-- browserlaunch -->
        <test-method is-config="true" signature="getUrl()[pri:0, instance:com.testNg.SimpleAnnotation@6c40365c]" started-at="2026-01-10T16:44:36 IST" name="getUrl" finished-at="2026-01-10T16:44:36 IST" duration-ms="1" status="PASS">
          <reporter-output>
          </reporter-output>
        </test-method> <!-- getUrl -->
        <test-method is-config="true" signature="login()[pri:0, instance:com.testNg.SimpleAnnotation@6c40365c]" started-at="2026-01-10T16:44:36 IST" name="login" finished-at="2026-01-10T16:44:36 IST" duration-ms="1" status="PASS">
          <reporter-output>
          </reporter-output>
        </test-method> <!-- login -->
        <test-method signature="forgotPassword()[pri:0, instance:com.testNg.SimpleAnnotation@6c40365c]" started-at="2026-01-10T16:44:36 IST" name="forgotPassword" finished-at="2026-01-10T16:44:36 IST" duration-ms="16" status="PASS">
          <reporter-output>
          </reporter-output>
        </test-method> <!-- forgotPassword -->
        <test-method is-config="true" signature="logout()[pri:0, instance:com.testNg.SimpleAnnotation@6c40365c]" started-at="2026-01-10T16:44:36 IST" name="logout" finished-at="2026-01-10T16:44:36 IST" duration-ms="2" status="PASS">
          <reporter-output>
          </reporter-output>
        </test-method> <!-- logout -->
        <test-method is-config="true" signature="login()[pri:0, instance:com.testNg.SimpleAnnotation@6c40365c]" started-at="2026-01-10T16:44:36 IST" name="login" finished-at="2026-01-10T16:44:36 IST" duration-ms="1" status="PASS">
          <reporter-output>
          </reporter-output>
        </test-method> <!-- login -->
        <test-method signature="passWord()[pri:0, instance:com.testNg.SimpleAnnotation@6c40365c]" started-at="2026-01-10T16:44:36 IST" name="passWord" finished-at="2026-01-10T16:44:36 IST" duration-ms="2" status="PASS">
          <reporter-output>
          </reporter-output>
        </test-method> <!-- passWord -->
        <test-method is-config="true" signature="logout()[pri:0, instance:com.testNg.SimpleAnnotation@6c40365c]" started-at="2026-01-10T16:44:36 IST" name="logout" finished-at="2026-01-10T16:44:36 IST" duration-ms="1" status="PASS">
          <reporter-output>
          </reporter-output>
        </test-method> <!-- logout -->
        <test-method is-config="true" signature="login()[pri:0, instance:com.testNg.SimpleAnnotation@6c40365c]" started-at="2026-01-10T16:44:36 IST" name="login" finished-at="2026-01-10T16:44:36 IST" duration-ms="1" status="PASS">
          <reporter-output>
          </reporter-output>
        </test-method> <!-- login -->
        <test-method signature="submit()[pri:0, instance:com.testNg.SimpleAnnotation@6c40365c]" started-at="2026-01-10T16:44:36 IST" name="submit" finished-at="2026-01-10T16:44:36 IST" duration-ms="4" status="PASS">
          <reporter-output>
          </reporter-output>
        </test-method> <!-- submit -->
        <test-method is-config="true" signature="logout()[pri:0, instance:com.testNg.SimpleAnnotation@6c40365c]" started-at="2026-01-10T16:44:36 IST" name="logout" finished-at="2026-01-10T16:44:36 IST" duration-ms="1" status="PASS">
          <reporter-output>
          </reporter-output>
        </test-method> <!-- logout -->
        <test-method is-config="true" signature="login()[pri:0, instance:com.testNg.SimpleAnnotation@6c40365c]" started-at="2026-01-10T16:44:36 IST" name="login" finished-at="2026-01-10T16:44:36 IST" duration-ms="1" status="PASS">
          <reporter-output>
          </reporter-output>
        </test-method> <!-- login -->
        <test-method signature="userName()[pri:0, instance:com.testNg.SimpleAnnotation@6c40365c]" started-at="2026-01-10T16:44:36 IST" name="userName" finished-at="2026-01-10T16:44:36 IST" duration-ms="3" status="PASS">
          <reporter-output>
          </reporter-output>
        </test-method> <!-- userName -->
        <test-method is-config="true" signature="logout()[pri:0, instance:com.testNg.SimpleAnnotation@6c40365c]" started-at="2026-01-10T16:44:36 IST" name="logout" finished-at="2026-01-10T16:44:36 IST" duration-ms="1" status="PASS">
          <reporter-output>
          </reporter-output>
        </test-method> <!-- logout -->
        <test-method is-config="true" signature="screenShot()[pri:0, instance:com.testNg.SimpleAnnotation@6c40365c]" started-at="2026-01-10T16:44:36 IST" name="screenShot" finished-at="2026-01-10T16:44:36 IST" duration-ms="1" status="PASS">
          <reporter-output>
          </reporter-output>
        </test-method> <!-- screenShot -->
        <test-method is-config="true" signature="browserClose()[pri:0, instance:com.testNg.SimpleAnnotation@6c40365c]" started-at="2026-01-10T16:44:36 IST" name="browserClose" finished-at="2026-01-10T16:44:36 IST" duration-ms="1" status="PASS">
          <reporter-output>
          </reporter-output>
        </test-method> <!-- browserClose -->
        <test-method is-config="true" signature="terminateBrowser()[pri:0, instance:com.testNg.SimpleAnnotation@6c40365c]" started-at="2026-01-10T16:44:36 IST" name="terminateBrowser" finished-at="2026-01-10T16:44:36 IST" duration-ms="1" status="PASS">
          <reporter-output>
          </reporter-output>
        </test-method> <!-- terminateBrowser -->
      </class> <!-- com.testNg.SimpleAnnotation -->
    </test> <!-- Default test -->
  </suite> <!-- Default suite -->
</testng-results>
