<?xml version="1.0" encoding="UTF-8"?>
<!-- Generated by org.testng.reporters.JUnitReportReporter -->
<testsuite hostname="SAAN" failures="0" tests="8" name="com.testNg.InvocationCount" time="50.504" errors="0" timestamp="2026-01-14T08:55:19 IST" skipped="0">
  <testcase classname="com.testNg.InvocationCount" name="count" time="5.641"/>
  <testcase classname="com.testNg.InvocationCount" name="count" time="5.201"/>
  <testcase classname="com.testNg.InvocationCount" name="count" time="4.878"/>
  <testcase classname="com.testNg.InvocationCount" name="count" time="9.466"/>
  <testcase classname="com.testNg.InvocationCount" name="count" time="4.006"/>
  <testcase classname="com.testNg.InvocationCount" name="count" time="12.381"/>
  <testcase classname="com.testNg.InvocationCount" name="count" time="4.306"/>
  <testcase classname="com.testNg.InvocationCount" name="count" time="4.625"/>
</testsuite> <!-- com.testNg.InvocationCount -->
