<?xml version="1.0" encoding="UTF-8"?>
<!-- Generated by org.testng.reporters.JUnitReportReporter -->
<testsuite hostname="SAAN" failures="0" tests="9" name="com.testNg.Grouping" time="0.056" errors="0" timestamp="2026-01-30T19:41:23 IST" skipped="0">
  <testcase classname="com.testNg.Grouping" name="toyato" time="0.006"/>
  <testcase classname="com.testNg.Grouping" name="hero" time="0.004"/>
  <testcase classname="com.testNg.Grouping" name="samsung" time="0.003"/>
  <testcase classname="com.testNg.Grouping" name="honda" time="0.004"/>
  <testcase classname="com.testNg.Grouping" name="iphone" time="0.007"/>
  <testcase classname="com.testNg.Grouping" name="yamaha" time="0.008"/>
  <testcase classname="com.testNg.Grouping" name="ford" time="0.003"/>
  <testcase classname="com.testNg.Grouping" name="bajaj" time="0.018"/>
  <testcase classname="com.testNg.Grouping" name="vivo" time="0.003"/>
</testsuite> <!-- com.testNg.Grouping -->
