<?xml version="1.0" encoding="UTF-8"?>
<!-- Generated by org.testng.reporters.JUnitReportReporter -->
<testsuite hostname="SAAN" failures="0" tests="4" name="com.testNg.SimpleAnnotation" time="0.039" errors="0" timestamp="2026-01-12T13:43:40 IST" skipped="0">
  <testcase classname="com.testNg.SimpleAnnotation" name="submit" time="0.011"/>
  <testcase classname="com.testNg.SimpleAnnotation" name="forgotPassword" time="0.011"/>
  <testcase classname="com.testNg.SimpleAnnotation" name="userName" time="0.010"/>
  <testcase classname="com.testNg.SimpleAnnotation" name="passWord" time="0.007"/>
</testsuite> <!-- com.testNg.SimpleAnnotation -->
