<?xml version="1.0" encoding="UTF-8"?>
<!-- Generated by org.testng.reporters.JUnitReportReporter -->
<testsuite hostname="SAAN" failures="0" tests="4" name="com.testNg.TestNgExcelDataProvider" time="59.212" errors="0" timestamp="2026-01-14T10:07:43 IST" skipped="0">
  <testcase classname="com.testNg.TestNgExcelDataProvider" name="testLogin" time="19.347"/>
  <testcase classname="com.testNg.TestNgExcelDataProvider" name="testLogin" time="9.933"/>
  <testcase classname="com.testNg.TestNgExcelDataProvider" name="testLogin" time="16.659"/>
  <testcase classname="com.testNg.TestNgExcelDataProvider" name="testLogin" time="13.273"/>
</testsuite> <!-- com.testNg.TestNgExcelDataProvider -->
