<?xml version="1.0" encoding="UTF-8"?>
<!-- Generated by org.testng.reporters.JUnitReportReporter -->
<testsuite hostname="SAAN" failures="0" tests="3" name="com.testNg.priorityMethod" time="0.023" errors="0" timestamp="2026-01-12T13:48:09 IST" skipped="0">
  <testcase classname="com.testNg.priorityMethod" name="serachBox" time="0.016"/>
  <testcase classname="com.testNg.priorityMethod" name="loginPage" time="0.004"/>
  <testcase classname="com.testNg.priorityMethod" name="addtoCard" time="0.003"/>
</testsuite> <!-- com.testNg.priorityMethod -->
