<?xml version="1.0" encoding="UTF-8"?>
<!-- Generated by org.testng.reporters.JUnitReportReporter -->
<testsuite hostname="SAAN" failures="0" tests="3" name="com.testNg.DepandsOnMethod" time="0.029" errors="0" timestamp="2026-01-30T19:28:05 IST" skipped="0">
  <testcase classname="com.testNg.DepandsOnMethod" name="serachBox" time="0.005"/>
  <testcase classname="com.testNg.DepandsOnMethod" name="addtoCard" time="0.019"/>
  <testcase classname="com.testNg.DepandsOnMethod" name="loginPage" time="0.005"/>
</testsuite> <!-- com.testNg.DepandsOnMethod -->
